Running in Lattice mode


Starting:    C:\ispLEVER_Classic2_0\synpbase\win64\mbin\synbatch.exe
Install:     C:\ispLEVER_Classic2_0\synpbase
Date:        Tue Feb 18 18:31:12 2020
Version:     I-2014.03LC 

Arguments:   -product synplify_pro  -batch c:/users/yakertaker/desktop/p10dsd\Reg10.prj
ProductType: synplify_pro





log file: "C:\users\yakertaker\desktop\p10dsd\Reg10.srr"

Generating HDL info...
hdl_info_gen Completed
Return Code: 0
Run Time:0h:00m:01s
log file: "C:\users\yakertaker\desktop\p10dsd\Reg10.srr"

Running Reg10|p10dsd

Running: Compile on Reg10|p10dsd

Running: Compile Process on Reg10|p10dsd

Running: Compile Input on Reg10|p10dsd
Copied C:\users\yakertaker\desktop\p10dsd\synwork\Reg10_comp.srs to C:\users\yakertaker\desktop\p10dsd\Reg10.srs
compiler Completed
Return Code: 0
Run Time:0h:00m:01s

Running: Multi-srs Generator on Reg10|p10dsd
Copied C:\users\yakertaker\desktop\p10dsd\synwork\Reg10_comp.srs to C:\users\yakertaker\desktop\p10dsd\synwork\Reg10_s.srs
multi_srs_gen Completed
Return Code: 0
Run Time:0h:00m:01s
Copied C:\users\yakertaker\desktop\p10dsd\synwork\Reg10_mult.srs to C:\users\yakertaker\desktop\p10dsd\Reg10.srs
Copied C:\users\yakertaker\desktop\p10dsd\Reg10.srr to C:\users\yakertaker\desktop\p10dsd\reg10.srf
Complete: Compile Process on Reg10|p10dsd
Complete: Compile on Reg10|p10dsd

Running: Map on Reg10|p10dsd

Running: Map & Optimize on Reg10|p10dsd
fpga_mapper Completed
Return Code: 0
Run Time:0h:00m:00s
Complete: Map on Reg10|p10dsd
Complete: Logic Synthesis on Reg10|p10dsd

exit status=0

exit status=0

