
vhdlfe V6.3 IR 35:  VHDL parser
Fri Feb 09 23:09:07 2018

Setting library 'work' to directory 'lc22v10'

vhdlfe:  No errors.


vhdlfe V6.3 IR 35:  VHDL parser
Fri Feb 09 23:09:34 2018

Setting library 'work' to directory 'lc22v10'

vhdlfe:  No errors.


vhdlfe V6.3 IR 35:  VHDL parser
Sat Feb 10 12:14:57 2018

Setting library 'work' to directory 'lc22v10'

vhdlfe:  No errors.


vhdlfe V6.3 IR 35:  VHDL parser
Sun Feb 11 13:01:49 2018

Setting library 'work' to directory 'lc22v10'

vhdlfe:  No errors.


vhdlfe V6.3 IR 35:  VHDL parser
Fri Feb 16 04:49:59 2018

Setting library 'work' to directory 'lc22v10'

vhdlfe:  No errors.

