
     | | | | | | |
   _________________
  -|               |-
  -|               |-
  -|               |-
  -|    CYPRESS    |-
  -|               |-
  -|               |-   Warp VHDL Synthesis Compiler: Version 6.3 IR 35
  -|               |-   Copyright (C) 1991-2001 Cypress Semiconductor
   |_______________|
     | | | | | | |

======================================================================
Compiling:  registro.vhd
Options:    -m -yu -e10 -w100 -o2 -ygs -fP -v10 -dc22v10 -ppalc22v10d-15pc -b registro.vhd -u registro.hie
======================================================================

vhdlfe V6.3 IR 35:  VHDL parser
Sat Mar 24 21:11:47 2018

Library 'work' => directory 'lc22v10'
Linking 'C:\Archivos de programa\Cypress\Warp\bin\std.vhd'.
Linking 'C:\Archivos de programa\Cypress\Warp\lib\common\cypress.vhd'.
Linking 'C:\Archivos de programa\Cypress\Warp\lib\common\work\cypress.vif'.
Library 'ieee' => directory 'C:\Archivos de programa\Cypress\Warp\lib\ieee\work'
Linking 'C:\Archivos de programa\Cypress\Warp\lib\ieee\work\stdlogic.vif'.

vhdlfe:  No errors.


tovif V6.3 IR 35:  High-level synthesis
Sat Mar 24 21:11:48 2018

Linking 'C:\Archivos de programa\Cypress\Warp\bin\std.vhd'.
Linking 'C:\Archivos de programa\Cypress\Warp\lib\common\cypress.vhd'.
Linking 'C:\Archivos de programa\Cypress\Warp\lib\common\work\cypress.vif'.
Linking 'C:\Archivos de programa\Cypress\Warp\lib\ieee\work\stdlogic.vif'.
registro.vhd (line 24, col 25):  Warning: (W479) 'q' should be referenced in the sensitivity list.
registro.vhd (line 25, col 29):  Warning: (W479) 'd' should be referenced in the sensitivity list.
registro.vhd (line 27, col 17):  Warning: (W479) 'cd' should be referenced in the sensitivity list.
registro.vhd (line 34, col 17):  Warning: (W479) 'q' should be referenced in the sensitivity list.
registro.vhd (line 24, col 25):  Warning: (W479) 'q' should be referenced in the sensitivity list.
registro.vhd (line 25, col 29):  Warning: (W479) 'd' should be referenced in the sensitivity list.
registro.vhd (line 29, col 17):  Warning: (W479) 'q' should be referenced in the sensitivity list.
registro.vhd (line 34, col 17):  Warning: (W479) 'q' should be referenced in the sensitivity list.
registro.vhd (line 24, col 25):  Warning: (W479) 'q' should be referenced in the sensitivity list.
registro.vhd (line 25, col 29):  Warning: (W479) 'd' should be referenced in the sensitivity list.
registro.vhd (line 29, col 17):  Warning: (W479) 'q' should be referenced in the sensitivity list.
registro.vhd (line 34, col 17):  Warning: (W479) 'q' should be referenced in the sensitivity list.
registro.vhd (line 24, col 25):  Warning: (W479) 'q' should be referenced in the sensitivity list.
registro.vhd (line 25, col 29):  Warning: (W479) 'd' should be referenced in the sensitivity list.
registro.vhd (line 29, col 17):  Warning: (W479) 'q' should be referenced in the sensitivity list.
registro.vhd (line 34, col 17):  Warning: (W479) 'q' should be referenced in the sensitivity list.
registro.vhd (line 24, col 25):  Warning: (W479) 'q' should be referenced in the sensitivity list.
registro.vhd (line 25, col 29):  Warning: (W479) 'd' should be referenced in the sensitivity list.
registro.vhd (line 29, col 17):  Warning: (W479) 'q' should be referenced in the sensitivity list.
registro.vhd (line 34, col 17):  Warning: (W479) 'q' should be referenced in the sensitivity list.
registro.vhd (line 24, col 25):  Warning: (W479) 'q' should be referenced in the sensitivity list.
registro.vhd (line 25, col 29):  Warning: (W479) 'd' should be referenced in the sensitivity list.
registro.vhd (line 29, col 17):  Warning: (W479) 'q' should be referenced in the sensitivity list.
registro.vhd (line 34, col 17):  Warning: (W479) 'q' should be referenced in the sensitivity list.
registro.vhd (line 24, col 25):  Warning: (W479) 'q' should be referenced in the sensitivity list.
registro.vhd (line 25, col 29):  Warning: (W479) 'd' should be referenced in the sensitivity list.
registro.vhd (line 29, col 17):  Warning: (W479) 'q' should be referenced in the sensitivity list.
registro.vhd (line 34, col 17):  Warning: (W479) 'q' should be referenced in the sensitivity list.
registro.vhd (line 24, col 25):  Warning: (W479) 'q' should be referenced in the sensitivity list.
registro.vhd (line 25, col 29):  Warning: (W479) 'd' should be referenced in the sensitivity list.
registro.vhd (line 29, col 17):  Warning: (W479) 'q' should be referenced in the sensitivity list.
registro.vhd (line 32, col 17):  Warning: (W479) 'ci' should be referenced in the sensitivity list.

tovif:  No errors.  32 warnings.


topld V6.3 IR 35:  Synthesis and optimization
Sat Mar 24 21:11:49 2018

Linking 'C:\Archivos de programa\Cypress\Warp\bin\std.vhd'.
Linking 'C:\Archivos de programa\Cypress\Warp\lib\common\cypress.vhd'.
Linking 'C:\Archivos de programa\Cypress\Warp\lib\common\work\cypress.vif'.
Linking 'C:\Archivos de programa\Cypress\Warp\lib\ieee\work\stdlogic.vif'.

----------------------------------------------------------
Detecting unused logic.
----------------------------------------------------------



------------------------------------------------------
Alias Detection
------------------------------------------------------

------------------------------------------------------
Aliased 0 equations, 22 wires.
------------------------------------------------------

----------------------------------------------------------
Circuit simplification
----------------------------------------------------------

----------------------------------------------------------
Circuit simplification results:

	Expanded 0 signals.
	Turned 0 signals into soft nodes.
	Maximum default expansion cost was set at 10.
----------------------------------------------------------
Created 54 PLD nodes.

topld:  No errors.

----------------------------------------------------------------------------
PLD Optimizer Software:       DSGNOPT.EXE    31/03/2000  [v4.02 ] 6.3 IR 35

DESIGN HEADER INFORMATION  (21:11:51)

Input File(s): registro.pla
Device       : C22V10
Package      : palc22v10d-15pc
ReportFile   : registro.rpt

Program Controls:
    COMMAND LANGUAGE_VHDL 
    COMMAND PROPERTY BUS_HOLD ENABLE 

Signal Requests:
    GROUP USEPOL ALL
    GROUP FAST_SLEW ALL

Completed Successfully  
----------------------------------------------------------------------------
PLD Optimizer Software:       DSGNOPT.EXE    31/03/2000  [v4.02 ] 6.3 IR 35

OPTIMIZATION OPTIONS       (21:11:51)

Messages:
  Information: Process virtual 'z_0'z_0 ... expanded.
  Information: Process virtual 'z_1'z_1 ... expanded.
  Information: Process virtual 'z_2'z_2 ... expanded.
  Information: Process virtual 'z_3'z_3 ... expanded.
  Information: Process virtual 'z_4'z_4 ... expanded.
  Information: Process virtual 'z_5'z_5 ... expanded.
  Information: Process virtual 'z_6'z_6 ... expanded.
  Information: Process virtual 'z_7'z_7 ... expanded.
  Information: Optimizing logic using best output polarity for signals:
         q(0).D q(1).D q(2).D q(3).D q(4).D q(5).D q(6).D q(7).D

  Information: Selected logic optimization OFF for signals:
         q(0).AR q(0).C q(1).AR q(1).C q(2).AR q(2).C q(3).AR q(3).C q(4).AR
         q(4).C q(5).AR q(5).C q(6).AR q(6).C q(7).AR q(7).C



Summary:
                 Error Count = 0      Warning Count = 0

Completed Successfully  
----------------------------------------------------------------------------
PLD Optimizer Software:       MINOPT.EXE     01/NOV/1999  [v4.02 ] 6.3 IR 35

LOGIC MINIMIZATION         ()

Messages:


Summary:
                 Error Count = 0      Warning Count = 0

Completed Successfully
----------------------------------------------------------------------------
PLD Optimizer Software:       DSGNOPT.EXE    31/03/2000  [v4.02 ] 6.3 IR 35

OPTIMIZATION OPTIONS       (21:11:52)

Messages:
  Information: Optimizing Banked Preset/Reset requirements.


Summary:
                 Error Count = 0      Warning Count = 0

Completed Successfully  
----------------------------------------------------------------------------
PLD Compiler Software:        PLA2JED.EXE    31/03/2000  [v4.02 ] 6.3 IR 35

<CYPRESSTAG name="Equations" icon=FILE_RPT_EQUATION>
DESIGN EQUATIONS           (21:11:52)
</CYPRESSTAG>

    q(0).D =
          c(0) * c(1) * ci 
        + /c(0) * c(1) * q(1).Q 
        + c(0) * /c(1) * d(0) 
        + /c(0) * /c(1) * q(0).Q 

    q(0).AR =
          /clr 

    q(0).SP =
          GND

    q(0).C =
          clk 

    q(1).D =
          c(0) * c(1) * q(0).Q 
        + /c(0) * c(1) * q(2).Q 
        + c(0) * /c(1) * d(1) 
        + /c(0) * /c(1) * q(1).Q 

    q(1).AR =
          /clr 

    q(1).SP =
          GND

    q(1).C =
          clk 

    q(2).D =
          c(0) * c(1) * q(1).Q 
        + /c(0) * c(1) * q(3).Q 
        + c(0) * /c(1) * d(2) 
        + /c(0) * /c(1) * q(2).Q 

    q(2).AR =
          /clr 

    q(2).SP =
          GND

    q(2).C =
          clk 

    q(3).D =
          c(0) * c(1) * q(2).Q 
        + /c(0) * c(1) * q(4).Q 
        + c(0) * /c(1) * d(3) 
        + /c(0) * /c(1) * q(3).Q 

    q(3).AR =
          /clr 

    q(3).SP =
          GND

    q(3).C =
          clk 

    q(4).D =
          c(0) * c(1) * q(3).Q 
        + /c(0) * c(1) * q(5).Q 
        + c(0) * /c(1) * d(4) 
        + /c(0) * /c(1) * q(4).Q 

    q(4).AR =
          /clr 

    q(4).SP =
          GND

    q(4).C =
          clk 

    q(5).D =
          c(0) * c(1) * q(4).Q 
        + /c(0) * c(1) * q(6).Q 
        + c(0) * /c(1) * d(5) 
        + /c(0) * /c(1) * q(5).Q 

    q(5).AR =
          /clr 

    q(5).SP =
          GND

    q(5).C =
          clk 

    q(6).D =
          c(0) * c(1) * q(5).Q 
        + /c(0) * c(1) * q(7).Q 
        + c(0) * /c(1) * d(6) 
        + /c(0) * /c(1) * q(6).Q 

    q(6).AR =
          /clr 

    q(6).SP =
          GND

    q(6).C =
          clk 

    q(7).D =
          c(0) * c(1) * q(6).Q 
        + /c(0) * c(1) * cd 
        + c(0) * /c(1) * d(7) 
        + /c(0) * /c(1) * q(7).Q 

    q(7).AR =
          /clr 

    q(7).SP =
          GND

    q(7).C =
          clk 


Completed Successfully  
----------------------------------------------------------------------------
PLD Compiler Software:        PLA2JED.EXE    31/03/2000  [v4.02 ] 6.3 IR 35

DESIGN RULE CHECK          (21:11:52)

Messages:
                 None.


Summary:
                 Error Count = 0      Warning Count = 0

Completed Successfully  
----------------------------------------------------------------------------
PLD Compiler Software:        PLA2JED.EXE    31/03/2000  [v4.02 ] 6.3 IR 35

<CYPRESSTAG name="Pinout" icon=FILE_RPT_PINOUT>
PINOUT INFORMATION   (21:11:52)
</CYPRESSTAG>
Messages:
  Information: All signals pre-placed in user design.


                                 C22V10
                 __________________________________________
            clk =| 1|                                  |24|* not used       
           c(1) =| 2|                                  |23|= q(7)           
           c(0) =| 3|                                  |22|= q(6)           
           d(7) =| 4|                                  |21|= q(5)           
           d(6) =| 5|                                  |20|= q(4)           
           d(5) =| 6|                                  |19|= q(3)           
           d(4) =| 7|                                  |18|= q(2)           
           d(3) =| 8|                                  |17|= q(1)           
           d(2) =| 9|                                  |16|= q(0)           
           d(1) =|10|                                  |15|= clr            
           d(0) =|11|                                  |14|= cd             
       not used *|12|                                  |13|= ci             
                 __________________________________________


Summary:
                 Error Count = 0      Warning Count = 0

Completed Successfully  
  Information: Checking for duplicate NODE logic.
----------------------------------------------------------------------------
PLD Compiler Software:        PLA2JED.EXE    31/03/2000  [v4.02 ] 6.3 IR 35

<CYPRESSTAG name="Utilization" icon=FILE_RPT_UTILIZATION>
RESOURCE UTILIZATION (21:11:52)
</CYPRESSTAG>
  Information: Macrocell Utilization.

                     Description        Used     Max
                 ______________________________________
                 | Dedicated Inputs   |   11  |   11  |
                 | Clock/Inputs       |    1  |    1  |
                 | I/O Macrocells     |   10  |   10  |
                 ______________________________________
                                          22  /   22   = 100 %


  Information: Output Logic Product Term Utilization.

                  Node#  Output Signal Name  Used   Max
                 ________________________________________
                 | 14  |  Used As Input   |   0  |   8  |
                 | 15  |  Used As Input   |   0  |  10  |
                 | 16  |  q(0)            |   4  |  12  |
                 | 17  |  q(1)            |   4  |  14  |
                 | 18  |  q(2)            |   4  |  16  |
                 | 19  |  q(3)            |   4  |  16  |
                 | 20  |  q(4)            |   4  |  14  |
                 | 21  |  q(5)            |   4  |  12  |
                 | 22  |  q(6)            |   4  |  10  |
                 | 23  |  q(7)            |   4  |   8  |
                 | 25  |  Unused          |   0  |   1  |
                 ________________________________________
                                             32  / 121   = 26  %


Completed Successfully  
----------------------------------------------------------------------------
PLD Compiler Software:        PLA2JED.EXE    31/03/2000  [v4.02 ] 6.3 IR 35

JEDEC ASSEMBLE             (21:11:52)

Messages:
  Information: Output file 'registro.pin' created.
  Information: Output file 'registro.jed' created.

  Usercode:    
  Checksum:    D52E



Summary:
                 Error Count = 0      Warning Count = 0

Completed Successfully at 21:11:52
