|--------------------------------------------------------------|
|- ispLEVER Classic 2.0.00.17.20.15 Fitter Report File        -|
|- Copyright(C), 1992-2012, Lattice Semiconductor Corporation -|
|- All Rights Reserved.                                       -|
|--------------------------------------------------------------|




The Basic/Detailed Report Format can be selected in the dialog box
Tools->Fitter Report File Format...

Project_Summary
~~~~~~~~~~~~~~~
Project Name         :  sumador
Project Path         :  C:\Users\YaKerTaker\Desktop\CPLD
Project Fitted on    :  Thu Jun 07 19:20:08 2018

Device               :  M4256_96
Package              :  144
GLB Input Mux Size   :  33
Available Blocks     :  16
Speed                :  -5.8
Part Number          :  LC4256ZE-5TN144C
Source Format        :  Pure_VHDL


// Project 'sumador' Fit Successfully! //


Compilation_Times
~~~~~~~~~~~~~~~~~
Prefit Time                     0 secs
Load Design Time                0.03 secs
Partition Time                  0.02 secs
Place Time                      0.00 secs
Route Time                      0.00 secs
Total Fit Time                  00:00:01


Design_Summary
~~~~~~~~~~~~~~
Total Input Pins                12
Total Logic Functions           21
  Total Output Pins             5
  Total Bidir I/O Pins          0
  Total Buried Nodes            16
Total Flip-Flops                19
  Total D Flip-Flops            19
  Total T Flip-Flops            0
  Total Latches                 0
Total Product Terms             98

Total Reserved Pins             0
Total Locked Pins               17
Total Locked Nodes              0

Total Unique Output Enables     0
Total Unique Clocks             1
Total Unique Clock Enables      3
Total Unique Resets             1
Total Unique Presets            0

Fmax Logic Levels               2


Device_Resource_Summary
~~~~~~~~~~~~~~~~~~~~~~~
                                 Device
                                 Total    Used   Not Used   Utilization
-----------------------------------------------------------------------
Dedicated Pins
  Clock/Input Pins                  4        0      4    -->     0
  Input-Only Pins                  10        0     10    -->     0
  I/O / Enable Pins                 2        0      2    -->     0
I/O Pins                           94       17     77    -->    18
Logic Functions                   256       21    235    -->     8
  Input Registers                  96        0     96    -->     0

GLB Inputs                        576       66    510    -->    11
Logical Product Terms            1280       60   1220    -->     4
Occupied GLBs                      16       10      6    -->    62
Macrocells                        256       21    235    -->     8

Control Product Terms:
  GLB Clock/Clock Enables          16        7      9    -->    43
  GLB Reset/Presets                16        0     16    -->     0
  Macrocell Clocks                256        2    254    -->     0
  Macrocell Clock Enables         256       16    240    -->     6
  Macrocell Enables               256        0    256    -->     0
  Macrocell Resets                256        0    256    -->     0
  Macrocell Presets               256        0    256    -->     0

Global Routing Pool               356       32    324    -->     8
  GRP from IFB                     ..       12     ..    -->    ..
    (from input signals)           ..       12     ..    -->    ..
    (from output signals)          ..        0     ..    -->    ..
    (from bidir signals)           ..        0     ..    -->    ..
  GRP from MFB                     ..       20     ..    -->    ..
----------------------------------------------------------------------

<Note> 1 : The available PT is the product term that has not been used.
<Note> 2 : IFB is I/O feedback.
<Note> 3 : MFB is macrocell feedback.



GLB_Resource_Summary
~~~~~~~~~~~~~~~~~~~~
                                                                                     # of PT
               ---  Fanin  ---    I/O    Input  Macrocells       Macrocells   Logic  clusters
             Unique Shared Total  Pins    Regs Used Inaccessible  available    PTs   used
-------------------------------------------------------------------------------------------
Maximum
  GLB                      36      *(1)     8   --     --             16       80       16
-------------------------------------------------------------------------------------------
  GLB    A      2     6     8      0/6      0    3      0             13        8        3
  GLB    B      6     0     6      0/6      0    1      0             15        3        1
  GLB    C      2     5     7      6/6      0    2      0             14        8        2
  GLB    D      0     0     0      6/6      0    0      0             16        0        0
-------------------------------------------------------------------------------------------
  GLB    E      2     0     2      0/6      0    1      0             15        2        1
  GLB    F      4     9    13      5/6      0    6      0             10       17        6
  GLB    G      0     0     0      0/6      0    0      0             16        0        0
  GLB    H      0     0     0      0/6      0    0      0             16        0        0
-------------------------------------------------------------------------------------------
  GLB    I      0     0     0      0/6      0    0      0             16        0        0
  GLB    J      0     0     0      0/6      0    0      0             16        0        0
  GLB    K      6     4    10      0/6      0    4      0             12       10        4
  GLB    L      6     0     6      0/6      0    1      0             15        3        1
-------------------------------------------------------------------------------------------
  GLB    M      4     4     8      0/6      0    2      0             14        6        2
  GLB    N      0     0     0      0/6      0    0      0             16        0        0
  GLB    O      6     0     6      0/6      0    1      0             15        3        1
  GLB    P      0     0     0      0/6      0    0      0             16        0        0
-------------------------------------------------------------------------------------------
TOTALS:        38    28    66     17/96     0   21      0            235       60       21

<Note> 1 : For ispMACH 4000 devices, the number of IOs depends on the GLB.
<Note> 2 : Four rightmost columns above reflect last status of the placement process.



GLB_Control_Summary
~~~~~~~~~~~~~~~~~~~
           Shared Shared | Mcell  Mcell  Mcell  Mcell  Mcell 
           Clk/CE Rst/Pr | Clock  CE     Enable Reset  Preset
------------------------------------------------------------------------------
Maximum
  GLB        1      1        16     16     16     16     16  
==============================================================================
  GLB    A   1      0         0      2      0      0      0
  GLB    B   0      0         0      0      0      0      0
  GLB    C   1      0         2      0      0      0      0
  GLB    D   0      0         0      0      0      0      0
------------------------------------------------------------------------------
  GLB    E   0      0         0      0      0      0      0
  GLB    F   1      0         0      6      0      0      0
  GLB    G   0      0         0      0      0      0      0
  GLB    H   0      0         0      0      0      0      0
------------------------------------------------------------------------------
  GLB    I   0      0         0      0      0      0      0
  GLB    J   0      0         0      0      0      0      0
  GLB    K   1      0         0      4      0      0      0
  GLB    L   1      0         0      1      0      0      0
------------------------------------------------------------------------------
  GLB    M   1      0         0      2      0      0      0
  GLB    N   0      0         0      0      0      0      0
  GLB    O   1      0         0      1      0      0      0
  GLB    P   0      0         0      0      0      0      0
------------------------------------------------------------------------------

<Note> 1 : For ispMACH 4000 devices, the number of output enables depends on the GLB.



Optimizer_and_Fitter_Options
~~~~~~~~~~~~~~~~~~~~~~~~~~~~
Pin Assignment :                       Yes
Group Assignment :                     No
Pin Reservation :                      No

@Ignore_Project_Constraints :
  Pin Assignments :                    No
      Keep Block Assignment            --
      Keep Segment Assignment          --
  Group Assignments :                  No
  Macrocell Assignment :               No
      Keep Block Assignment            --
      Keep Segment Assignment          --

@Backannotate_Project_Constraints
  Pin Assignments :                    No
  Pin And Block Assignments :          No
  Pin, Macrocell and Block :           No

@Timing_Constraints :                  No

@Global_Project_Optimization :
  Balanced Partitioning :              Yes
  Spread Placement :                   Yes

  Note :
    Pack Design :
       Balanced Partitioning = No
       Spread Placement      = No
    Spread Design :
       Balanced Partitioning = Yes
       Spread Placement      = Yes


@Logic_Synthesis :
  Logic Reduction :                    Yes
  Node Collapsing :                    FMAX
  Fmax_Logic_Level :                   1
  D/T Synthesis :                      Yes
  XOR Synthesis :                      Yes
  Max. P-Term for Collapsing :         16
  Max. P-Term for Splitting :          80
  Max Symbols :                        24

@Utilization_options
  Max. % of Macrocells used :          100
@Usercode                               (HEX)
@IO_Types                              Default = LVCMOS18 (2)
@Output_Slew_Rate                      Default = FAST (2)
@Power                                 Default = HIGH (2)
@Pull                                  Default = PULLUP_DOWN (2)
@Input_Registers                       Default = None (2)
@Register_Powerup                      Default = None

Device Options:
<Note> 1 : Reserved unused I/Os can be independently driven to Low or High, and does not
           follow the drive level set for the Global Configure Unused I/O Option.
<Note> 2 : For user-specified constraints on individual signals, refer to the Output,
           Bidir and Buried Signal Lists.



Pinout_Listing
~~~~~~~~~~~~~~
      | Pin   | Bank |GLB |Assigned|                 | Signal|            | PG
Pin No| Type  |Number|Pad |Pin     |     I/O Type    | Type  | Signal name| Enable
-----------------------------------------------------------------------------------
1     | GND   |   -  |    |        |                 |       |            |
2     | TDI   |   -  |    |        |                 |       |            |
3     |VCCIO0 |   -  |    |        |                 |       |            |
4     |  I_O  |   0  |C12 |    *   |LVCMOS18         | Input |clk         |
5     |  I_O  |   0  |C10 |    *   |LVCMOS18         | Input |clr         |
6     |  I_O  |   0  |C8  |    *   |LVCMOS18         | Input |C_1_        |
7     |  I_O  |   0  |C6  |    *   |LVCMOS18         | Input |C_0_        |
8     |  I_O  |   0  |C4  |    *   |LVCMOS18         | Input |A_3_        |
9     |  I_O  |   0  |C2  |    *   |LVCMOS18         | Input |A_2_        |
10    |GNDIO0 |   -  |    |        |                 |       |            |
11    |  I_O  |   0  |D14 |    *   |LVCMOS18         | Input |A_1_        |
12    |  I_O  |   0  |D12 |    *   |LVCMOS18         | Input |A_0_        |
13    |  I_O  |   0  |D10 |    *   |LVCMOS18         | Input |B_3_        |
14    |  I_O  |   0  |D8  |    *   |LVCMOS18         | Input |B_2_        |
15    |  I_O  |   0  |D6  |    *   |LVCMOS18         | Input |B_1_        |
16    |  I_O  |   0  |D4  |    *   |LVCMOS18         | Input |B_0_        |
17    | IN0   |   0  |    |        |                 |       |            |
18    | NC    |   -  |    |        |                 |       |            |
19    |VCCIO0 |   -  |    |        |                 |       |            |
20    | IN1   |   0  |    |        |                 |       |            |
21    |  I_O  |   0  |E2  |        |                 |       |            |
22    |  I_O  |   0  |E4  |        |                 |       |            |
23    |  I_O  |   0  |E6  |        |                 |       |            |
24    |  I_O  |   0  |E8  |        |                 |       |            |
25    |  I_O  |   0  |E10 |        |                 |       |            |
26    |  I_O  |   0  |E12 |        |                 |       |            |
27    |GNDIO0 |   -  |    |        |                 |       |            |
28    |  I_O  |   0  |F2  |    *   |LVCMOS18         | Output|Carry       |
29    |  I_O  |   0  |F4  |    *   |LVCMOS18         | Output|q_3_        |
30    |  I_O  |   0  |F6  |    *   |LVCMOS18         | Output|q_2_        |
31    |  I_O  |   0  |F8  |    *   |LVCMOS18         | Output|q_1_        |
32    |  I_O  |   0  |F10 |    *   |LVCMOS18         | Output|q_0_        |
33    |  I_O  |   0  |F12 |        |                 |       |            |
34    |VCCIO0 |   -  |    |        |                 |       |            |
35    | TCK   |   -  |    |        |                 |       |            |
36    | VCC   |   -  |    |        |                 |       |            |
37    | GND   |   -  |    |        |                 |       |            |
38    | IN2   |   0  |    |        |                 |       |            |
39    |  I_O  |   0  |G12 |        |                 |       |            |
40    |  I_O  |   0  |G10 |        |                 |       |            |
41    |  I_O  |   0  |G8  |        |                 |       |            |
42    |  I_O  |   0  |G6  |        |                 |       |            |
43    |  I_O  |   0  |G4  |        |                 |       |            |
44    |  I_O  |   0  |G2  |        |                 |       |            |
45    | IN3   |   0  |    |        |                 |       |            |
46    |GNDIO0 |   -  |    |        |                 |       |            |
47    |VCCIO0 |   -  |    |        |                 |       |            |
48    |  I_O  |   0  |H12 |        |                 |       |            |
49    |  I_O  |   0  |H10 |        |                 |       |            |
50    |  I_O  |   0  |H8  |        |                 |       |            |
51    |  I_O  |   0  |H6  |        |                 |       |            |
52    |  I_O  |   0  |H4  |        |                 |       |            |
53    |  I_O  |   0  |H2  |        |                 |       |            |
54    |INCLK1 |   0  |    |        |                 |       |            |
55    |GNDIO1 |   -  |    |        |                 |       |            |
56    |INCLK2 |   1  |    |        |                 |       |            |
57    | VCC   |   -  |    |        |                 |       |            |
58    |  I_O  |   1  |I2  |        |                 |       |            |
59    |  I_O  |   1  |I4  |        |                 |       |            |
60    |  I_O  |   1  |I6  |        |                 |       |            |
61    |  I_O  |   1  |I8  |        |                 |       |            |
62    |  I_O  |   1  |I10 |        |                 |       |            |
63    |  I_O  |   1  |I12 |        |                 |       |            |
64    |VCCIO1 |   -  |    |        |                 |       |            |
65    |GNDIO1 |   -  |    |        |                 |       |            |
66    |  I_O  |   1  |J2  |        |                 |       |            |
67    |  I_O  |   1  |J4  |        |                 |       |            |
68    |  I_O  |   1  |J6  |        |                 |       |            |
69    |  I_O  |   1  |J8  |        |                 |       |            |
70    |  I_O  |   1  |J10 |        |                 |       |            |
71    |  I_O  |   1  |J12 |        |                 |       |            |
72    | IN4   |   0  |    |        |                 |       |            |
73    | GND   |   -  |    |        |                 |       |            |
74    | TMS   |   -  |    |        |                 |       |            |
75    |VCCIO1 |   -  |    |        |                 |       |            |
76    |  I_O  |   1  |K12 |        |                 |       |            |
77    |  I_O  |   1  |K10 |        |                 |       |            |
78    |  I_O  |   1  |K8  |        |                 |       |            |
79    |  I_O  |   1  |K6  |        |                 |       |            |
80    |  I_O  |   1  |K4  |        |                 |       |            |
81    |  I_O  |   1  |K2  |        |                 |       |            |
82    |GNDIO1 |   -  |    |        |                 |       |            |
83    |  I_O  |   1  |L14 |        |                 |       |            |
84    |  I_O  |   1  |L12 |        |                 |       |            |
85    |  I_O  |   1  |L10 |        |                 |       |            |
86    |  I_O  |   1  |L8  |        |                 |       |            |
87    |  I_O  |   1  |L6  |        |                 |       |            |
88    |  I_O  |   1  |L4  |        |                 |       |            |
89    | IN5   |   1  |    |        |                 |       |            |
90    | NC    |   -  |    |        |                 |       |            |
91    |VCCIO1 |   -  |    |        |                 |       |            |
92    | IN6   |   1  |    |        |                 |       |            |
93    |  I_O  |   1  |M2  |        |                 |       |            |
94    |  I_O  |   1  |M4  |        |                 |       |            |
95    |  I_O  |   1  |M6  |        |                 |       |            |
96    |  I_O  |   1  |M8  |        |                 |       |            |
97    |  I_O  |   1  |M10 |        |                 |       |            |
98    |  I_O  |   1  |M12 |        |                 |       |            |
99    |GNDIO1 |   -  |    |        |                 |       |            |
100   |  I_O  |   1  |N2  |        |                 |       |            |
101   |  I_O  |   1  |N4  |        |                 |       |            |
102   |  I_O  |   1  |N6  |        |                 |       |            |
103   |  I_O  |   1  |N8  |        |                 |       |            |
104   |  I_O  |   1  |N10 |        |                 |       |            |
105   |  I_O  |   1  |N12 |        |                 |       |            |
106   |VCCIO1 |   -  |    |        |                 |       |            |
107   | TDO   |   -  |    |        |                 |       |            |
108   | VCC   |   -  |    |        |                 |       |            |
109   | GND   |   -  |    |        |                 |       |            |
110   | IN7   |   1  |    |        |                 |       |            |
111   |  I_O  |   1  |O12 |        |                 |       |            |
112   |  I_O  |   1  |O10 |        |                 |       |            |
113   |  I_O  |   1  |O8  |        |                 |       |            |
114   |  I_O  |   1  |O6  |        |                 |       |            |
115   |  I_O  |   1  |O4  |        |                 |       |            |
116   |  I_O  |   1  |O2  |        |                 |       |            |
117   | IN8   |   1  |    |        |                 |       |            |
118   |GNDIO1 |   -  |    |        |                 |       |            |
119   |VCCIO1 |   -  |    |        |                 |       |            |
120   |  I_O  |   1  |P12 |        |                 |       |            |
121   |  I_O  |   1  |P10 |        |                 |       |            |
122   |  I_O  |   1  |P8  |        |                 |       |            |
123   |  I_O  |   1  |P6  |        |                 |       |            |
124   |  I_O  |   1  |P4  |        |                 |       |            |
125   | I_O/OE|   1  |P2  |        |                 |       |            |
126   |INCLK3 |   1  |    |        |                 |       |            |
127   |GNDIO0 |   -  |    |        |                 |       |            |
128   |INCLK0 |   0  |    |        |                 |       |            |
129   | VCC   |   -  |    |        |                 |       |            |
130   | I_O/OE|   0  |A2  |        |                 |       |            |
131   |  I_O  |   0  |A4  |        |                 |       |            |
132   |  I_O  |   0  |A6  |        |                 |       |            |
133   |  I_O  |   0  |A8  |        |                 |       |            |
134   |  I_O  |   0  |A10 |        |                 |       |            |
135   |  I_O  |   0  |A12 |        |                 |       |            |
136   |VCCIO0 |   -  |    |        |                 |       |            |
137   |GNDIO0 |   -  |    |        |                 |       |            |
138   |  I_O  |   0  |B2  |        |                 |       |            |
139   |  I_O  |   0  |B4  |        |                 |       |            |
140   |  I_O  |   0  |B6  |        |                 |       |            |
141   |  I_O  |   0  |B8  |        |                 |       |            |
142   |  I_O  |   0  |B10 |        |                 |       |            |
143   |  I_O  |   0  |B12 |        |                 |       |            |
144   | IN9   |   0  |    |        |                 |       |            |
-----------------------------------------------------------------------------------

<Note> GLB Pad : This notation refers to the GLB I/O pad number in the device.
<Note> Assigned Pin : user or dedicated input assignment (E.g. Clock pins).
<Note> Pin Type : 
          ClkIn : Dedicated input or clock pin 
           CLK  : Dedicated clock pin
           I_O  : Input/Output pin
           INP  : Dedicated input pin
           JTAG : JTAG Control and test pin
           NC   : No connected



Input_Signal_List
~~~~~~~~~~~~~~~~~
                Input
         Pin    Fanout
 Pin GLB Type                       Pullup Signal
-------------------------------------------------
  12   D  I/O   1  ------------M---    Down A_0_
  11   D  I/O   1  ------------M---    Down A_1_
   9   C  I/O   1  ----------K-----    Down A_2_
   8   C  I/O   1  ----------K-----    Down A_3_
  16   D  I/O   1  ----------K-----    Down B_0_
  15   D  I/O   1  --------------O-    Down B_1_
  14   D  I/O   1  -----------L----    Down B_2_
  13   D  I/O   1  ----------K-----    Down B_3_
   7   C  I/O   7  -B--EF----KLM-O-    Down C_0_
   6   C  I/O   3  -B--EF----------    Down C_1_
   4   C  I/O   7  A-C--F----KLM-O-    Down clk
   5   C  I/O   7  A-C--F----KLM-O-    Down clr
-------------------------------------------------



Output_Signal_List
~~~~~~~~~~~~~~~~~~
          I         C      P R P       O Output
          N         L Mc   R E U C O F B Fanout
 Pin GLB  P LL PTs  S Type E S P E E P P                     Slew Pullup Signal
-------------------------------------------------------------------------------
  28   F  6  1   4  1 DFF    * R *       1  -----F----------  Fast   Down Carry
  32   F  6  1   2  1 DFF    * R *          ----------------  Fast   Down q_0_
  31   F  6  1   2  1 DFF    * R *       1  -----F----------  Fast   Down q_1_
  30   F  6  1   2  1 DFF    * R *       1  -----F----------  Fast   Down q_2_
  29   F  6  1   2  1 DFF    * R *       1  -----F----------  Fast   Down q_3_
-------------------------------------------------------------------------------

<Note> CLS = Number of clusters used
       INP = Number of input signals
       PTs = Number of product terms
        LL = Number of logic levels
       PRE = Has preset equation
       RES = Has reset equation
       PUP = Power-Up initial state: R=Reset, S=Set
        CE = Has clock enable equation
        OE = Has output enable equation
        FP = Fast path used
       OBP = ORP bypass used



Bidir_Signal_List
~~~~~~~~~~~~~~~~~
          I         C      P R P       O Bidir
          N         L Mc   R E U C O F B Fanout
 Pin GLB  P LL PTs  S Type E S P E E P P                     Slew Pullup Signal
-------------------------------------------------------------------------------
-------------------------------------------------------------------------------

<Note> CLS = Number of clusters used
       INP = Number of input signals
       PTs = Number of product terms
        LL = Number of logic levels
       PRE = Has preset equation
       RES = Has reset equation
       PUP = Power-Up initial state: R=Reset, S=Set
        CE = Has clock enable equation
        OE = Has output enable equation
        FP = Fast path used
       OBP = ORP bypass used



Buried_Signal_List
~~~~~~~~~~~~~~~~~~
        I         C      P R P       Node
        N         L Mc   R E U C I F Fanout
Mc GLB  P LL PTs  S Type E S P E R P                     Signal
---------------------------------------------------------------------
 7   B  6  -   3  1 COM              3  A-C--F----------  Carry_0
 3   M  6  1   3  1 DFF    * R *     1  -----F----------  SalidaA_0_
 9   M  6  1   3  1 DFF    * R *     1  ------------M---  SalidaA_1_
 3   K  6  1   3  1 DFF    * R *     1  ------------M---  SalidaA_2_
 6   K  5  -   2  1 DFF    * R *     1  ----------K-----  SalidaA_3_
 1   K  6  1   3  1 DFF    * R *     1  -----F----------  SalidaB_0_
 7   O  6  1   3  1 DFF    * R *     1  ----------K-----  SalidaB_1_
 7   L  6  1   3  1 DFF    * R *     1  --------------O-  SalidaB_2_
10   K  5  -   2  1 DFF    * R *     1  -----------L----  SalidaB_3_
 5   A  4  1   2  1 DFF    * R *     3  ABC-------------  contador_0_
 9   C  5  1   3  1 DFF    * R *     3  ABC-------------  contador_1_
 2   A  6  1   4  1 DFF    * R *     3  ABC-------------  contador_2_
 3   C  7  1   5  1 DFF    * R *     3  ABC-------------  contador_3_
12   F  6  1   5  1 DFF    * R *     1  -----F----------  inst_Suma
10   A  7  1   2  1 DFF    * R       2  A----F----------  inst_detener
 7   E  2  -   2  1 COM              4  ----------KLM-O-  un4_c
---------------------------------------------------------------------

<Note> CLS = Number of clusters used
       INP = Number of input signals
       PTs = Number of product terms
        LL = Number of logic levels
       PRE = Has preset equation
       RES = Has reset equation
       PUP = Power-Up initial state: R=Reset, S=Set
        CE = Has clock enable equation
        OE = Has output enable equation
        IR = Input register
        FP = Fast path used
       OBP = ORP bypass used



PostFit_Equations
~~~~~~~~~~~~~~~~~
Carry.D = SalidaB_0_.Q & SalidaA_0_.Q
    # Carry.Q & SalidaA_0_.Q
    # Carry.Q & SalidaB_0_.Q ; (3 pterms, 3 signals)
Carry.C = clk ; (1 pterm, 1 signal)
Carry.CE = !( Carry_0 ) ; (1 pterm, 1 signal)
Carry.AR = !clr ; (1 pterm, 1 signal)

Carry_0 = !C_1_
    # C_0_
    # !contador_0_.Q & !contador_1_.Q & !contador_3_.Q & contador_2_.Q ; (3 pterms, 6 signals)

SalidaA_0_.D = C_0_ & A_0_
    # !C_0_ & SalidaA_1_.Q ; (2 pterms, 3 signals)
SalidaA_0_.C = clk ; (1 pterm, 1 signal)
SalidaA_0_.CE = un4_c ; (1 pterm, 1 signal)
SalidaA_0_.AR = !clr ; (1 pterm, 1 signal)

SalidaA_1_.D = C_0_ & A_1_
    # !C_0_ & SalidaA_2_.Q ; (2 pterms, 3 signals)
SalidaA_1_.C = clk ; (1 pterm, 1 signal)
SalidaA_1_.CE = un4_c ; (1 pterm, 1 signal)
SalidaA_1_.AR = !clr ; (1 pterm, 1 signal)

SalidaA_2_.D = C_0_ & A_2_
    # !C_0_ & SalidaA_3_.Q ; (2 pterms, 3 signals)
SalidaA_2_.C = clk ; (1 pterm, 1 signal)
SalidaA_2_.CE = un4_c ; (1 pterm, 1 signal)
SalidaA_2_.AR = !clr ; (1 pterm, 1 signal)

SalidaA_3_.D = A_3_ & C_0_ ; (1 pterm, 2 signals)
SalidaA_3_.C = clk ; (1 pterm, 1 signal)
SalidaA_3_.CE = un4_c ; (1 pterm, 1 signal)
SalidaA_3_.AR = !clr ; (1 pterm, 1 signal)

SalidaB_0_.D = C_0_ & B_0_
    # !C_0_ & SalidaB_1_.Q ; (2 pterms, 3 signals)
SalidaB_0_.C = clk ; (1 pterm, 1 signal)
SalidaB_0_.CE = un4_c ; (1 pterm, 1 signal)
SalidaB_0_.AR = !clr ; (1 pterm, 1 signal)

SalidaB_1_.D = C_0_ & B_1_
    # !C_0_ & SalidaB_2_.Q ; (2 pterms, 3 signals)
SalidaB_1_.C = clk ; (1 pterm, 1 signal)
SalidaB_1_.CE = un4_c ; (1 pterm, 1 signal)
SalidaB_1_.AR = !clr ; (1 pterm, 1 signal)

SalidaB_2_.D = C_0_ & B_2_
    # !C_0_ & SalidaB_3_.Q ; (2 pterms, 3 signals)
SalidaB_2_.C = clk ; (1 pterm, 1 signal)
SalidaB_2_.CE = un4_c ; (1 pterm, 1 signal)
SalidaB_2_.AR = !clr ; (1 pterm, 1 signal)

SalidaB_3_.D = B_3_ & C_0_ ; (1 pterm, 2 signals)
SalidaB_3_.C = clk ; (1 pterm, 1 signal)
SalidaB_3_.CE = un4_c ; (1 pterm, 1 signal)
SalidaB_3_.AR = !clr ; (1 pterm, 1 signal)

contador_0_.D = !contador_0_.Q ; (1 pterm, 1 signal)
contador_0_.C = clk ; (1 pterm, 1 signal)
contador_0_.CE = !( Carry_0 ) ; (1 pterm, 1 signal)
contador_0_.AR = !clr ; (1 pterm, 1 signal)

contador_1_.D = contador_0_.Q & !contador_1_.Q
    # !contador_0_.Q & contador_1_.Q ; (2 pterms, 2 signals)
contador_1_.C = clk ; (1 pterm, 1 signal)
contador_1_.CE = !( Carry_0 ) ; (1 pterm, 1 signal)
contador_1_.AR = !clr ; (1 pterm, 1 signal)

contador_2_.D = contador_0_.Q & contador_1_.Q & !contador_2_.Q
    # !contador_1_.Q & contador_2_.Q
    # !contador_0_.Q & contador_2_.Q ; (3 pterms, 3 signals)
contador_2_.C = clk ; (1 pterm, 1 signal)
contador_2_.CE = !( Carry_0 ) ; (1 pterm, 1 signal)
contador_2_.AR = !clr ; (1 pterm, 1 signal)

contador_3_.D = contador_0_.Q & contador_1_.Q & !contador_3_.Q & contador_2_.Q
    # !contador_1_.Q & contador_3_.Q
    # !contador_0_.Q & contador_3_.Q
    # contador_3_.Q & !contador_2_.Q ; (4 pterms, 4 signals)
contador_3_.C = clk ; (1 pterm, 1 signal)
contador_3_.CE = !( Carry_0 ) ; (1 pterm, 1 signal)
contador_3_.AR = !clr ; (1 pterm, 1 signal)

inst_Suma.D = !Carry.Q & SalidaB_0_.Q & !SalidaA_0_.Q
    # !Carry.Q & !SalidaB_0_.Q & SalidaA_0_.Q
    # Carry.Q & !SalidaB_0_.Q & !SalidaA_0_.Q
    # Carry.Q & SalidaB_0_.Q & SalidaA_0_.Q ; (4 pterms, 3 signals)
inst_Suma.C = clk ; (1 pterm, 1 signal)
inst_Suma.CE = !( Carry_0 ) ; (1 pterm, 1 signal)
inst_Suma.AR = !clr ; (1 pterm, 1 signal)

inst_detener.D = !contador_0_.Q & !contador_1_.Q & !contador_3_.Q
       & contador_2_.Q
    # inst_detener.Q ; (2 pterms, 5 signals)
inst_detener.C = clk ; (1 pterm, 1 signal)
inst_detener.AR = !clr ; (1 pterm, 1 signal)

q_0_.D = q_1_.Q ; (1 pterm, 1 signal)
q_0_.C = clk ; (1 pterm, 1 signal)
q_0_.CE = C_1_ & !C_0_ & !inst_detener.Q ; (1 pterm, 3 signals)
q_0_.AR = !clr ; (1 pterm, 1 signal)

q_1_.D = q_2_.Q ; (1 pterm, 1 signal)
q_1_.C = clk ; (1 pterm, 1 signal)
q_1_.CE = C_1_ & !C_0_ & !inst_detener.Q ; (1 pterm, 3 signals)
q_1_.AR = !clr ; (1 pterm, 1 signal)

q_2_.D = q_3_.Q ; (1 pterm, 1 signal)
q_2_.C = clk ; (1 pterm, 1 signal)
q_2_.CE = C_1_ & !C_0_ & !inst_detener.Q ; (1 pterm, 3 signals)
q_2_.AR = !clr ; (1 pterm, 1 signal)

q_3_.D = inst_Suma.Q ; (1 pterm, 1 signal)
q_3_.C = clk ; (1 pterm, 1 signal)
q_3_.CE = C_1_ & !C_0_ & !inst_detener.Q ; (1 pterm, 3 signals)
q_3_.AR = !clr ; (1 pterm, 1 signal)

un4_c = C_1_ & !C_0_
    # !C_1_ & C_0_ ; (2 pterms, 2 signals)




