
     | | | | | | |
   _________________
  -|               |-
  -|               |-
  -|               |-
  -|    CYPRESS    |-
  -|               |-
  -|               |-   Warp VHDL Synthesis Compiler: Version 6.3 IR 35
  -|               |-   Copyright (C) 1991-2001 Cypress Semiconductor
   |_______________|
     | | | | | | |

======================================================================
Compiling:  cod.vhd
Options:    -m -yu -e10 -w100 -o2 -ygs -fP -v10 -dc22v10 -ppalc22v10d-15pc -b cod.vhd -u cod.hie
======================================================================

vhdlfe V6.3 IR 35:  VHDL parser
Thu May 24 19:17:22 2018

Library 'work' => directory 'lc22v10'
Linking 'C:\Archivos de programa\Cypress\Warp\bin\std.vhd'.
Linking 'C:\Archivos de programa\Cypress\Warp\lib\common\cypress.vhd'.
Linking 'C:\Archivos de programa\Cypress\Warp\lib\common\work\cypress.vif'.
Library 'ieee' => directory 'C:\Archivos de programa\Cypress\Warp\lib\ieee\work'
Linking 'C:\Archivos de programa\Cypress\Warp\lib\ieee\work\stdlogic.vif'.
Linking 'C:\Archivos de programa\Cypress\Warp\lib\ieee\work\syntocyp.vif'.
Linking 'C:\Archivos de programa\Cypress\Warp\lib\ieee\work\synarith.vif'.
Linking 'C:\Archivos de programa\Cypress\Warp\lib\ieee\work\synusgnd.vif'.

vhdlfe:  No errors.


tovif V6.3 IR 35:  High-level synthesis
Thu May 24 19:17:22 2018

Linking 'C:\Archivos de programa\Cypress\Warp\bin\std.vhd'.
Linking 'C:\Archivos de programa\Cypress\Warp\lib\common\cypress.vhd'.
Linking 'C:\Archivos de programa\Cypress\Warp\lib\common\work\cypress.vif'.
Linking 'C:\Archivos de programa\Cypress\Warp\lib\ieee\work\stdlogic.vif'.
Linking 'C:\Archivos de programa\Cypress\Warp\lib\ieee\work\syntocyp.vif'.
Linking 'C:\Archivos de programa\Cypress\Warp\lib\ieee\work\synarith.vif'.
Linking 'C:\Archivos de programa\Cypress\Warp\lib\ieee\work\synusgnd.vif'.

tovif:  No errors.


topld V6.3 IR 35:  Synthesis and optimization
Thu May 24 19:17:22 2018

Linking 'C:\Archivos de programa\Cypress\Warp\bin\std.vhd'.
Linking 'C:\Archivos de programa\Cypress\Warp\lib\common\cypress.vhd'.
Linking 'C:\Archivos de programa\Cypress\Warp\lib\common\work\cypress.vif'.
Linking 'C:\Archivos de programa\Cypress\Warp\lib\ieee\work\stdlogic.vif'.
Linking 'C:\Archivos de programa\Cypress\Warp\lib\ieee\work\syntocyp.vif'.
Linking 'C:\Archivos de programa\Cypress\Warp\lib\ieee\work\synarith.vif'.
Linking 'C:\Archivos de programa\Cypress\Warp\lib\ieee\work\synusgnd.vif'.

----------------------------------------------------------
Detecting unused logic.
----------------------------------------------------------



------------------------------------------------------
Alias Detection
------------------------------------------------------

------------------------------------------------------
Aliased 0 equations, 0 wires.
------------------------------------------------------

----------------------------------------------------------
Circuit simplification
----------------------------------------------------------

----------------------------------------------------------
Circuit simplification results:

	Expanded 0 signals.
	Turned 0 signals into soft nodes.
	Maximum default expansion cost was set at 10.
----------------------------------------------------------
Created 11 PLD nodes.

topld:  No errors.

----------------------------------------------------------------------------
PLD Optimizer Software:       DSGNOPT.EXE    31/03/2000  [v4.02 ] 6.3 IR 35

DESIGN HEADER INFORMATION  (19:17:24)

Input File(s): cod.pla
Device       : C22V10
Package      : palc22v10d-15pc
ReportFile   : cod.rpt

Program Controls:
    COMMAND LANGUAGE_VHDL 
    COMMAND PROPERTY BUS_HOLD ENABLE 

Signal Requests:
    GROUP USEPOL ALL
    GROUP FAST_SLEW ALL

Completed Successfully  
----------------------------------------------------------------------------
PLD Optimizer Software:       DSGNOPT.EXE    31/03/2000  [v4.02 ] 6.3 IR 35

OPTIMIZATION OPTIONS       (19:17:24)

Messages:
  Information: Optimizing logic using best output polarity for signals:
         c(0) c(1) c(2)



Summary:
                 Error Count = 0      Warning Count = 0

Completed Successfully  
----------------------------------------------------------------------------
PLD Optimizer Software:       MINOPT.EXE     01/NOV/1999  [v4.02 ] 6.3 IR 35

LOGIC MINIMIZATION         ()

Messages:


Summary:
                 Error Count = 0      Warning Count = 0

Completed Successfully
----------------------------------------------------------------------------
PLD Optimizer Software:       DSGNOPT.EXE    31/03/2000  [v4.02 ] 6.3 IR 35

OPTIMIZATION OPTIONS       (19:17:24)

Messages:
  Information: Optimizing Banked Preset/Reset requirements.


Summary:
                 Error Count = 0      Warning Count = 0

Completed Successfully  
----------------------------------------------------------------------------
PLD Compiler Software:        PLA2JED.EXE    31/03/2000  [v4.02 ] 6.3 IR 35

<CYPRESSTAG name="Equations" icon=FILE_RPT_EQUATION>
DESIGN EQUATIONS           (19:17:24)
</CYPRESSTAG>

    c(0) =
          /i(0) * /i(2) * /i(4) * i(5) 
        + /i(0) * /i(2) * /i(4) * /i(6) 
        + /i(0) * /i(2) * i(3) 
        + /i(0) * i(1) 

    c(1) =
          /i(0) * /i(1) * /i(4) * /i(5) * i(7) 
        + /i(0) * /i(1) * /i(4) * /i(5) * i(6) 
        + /i(0) * /i(1) * i(3) 
        + /i(0) * /i(1) * i(2) 

    c(2) =
          /i(0) * /i(1) * /i(2) * /i(3) * i(7) 
        + /i(0) * /i(1) * /i(2) * /i(3) * i(6) 
        + /i(0) * /i(1) * /i(2) * /i(3) * i(5) 
        + /i(0) * /i(1) * /i(2) * /i(3) * i(4) 


Completed Successfully  
----------------------------------------------------------------------------
PLD Compiler Software:        PLA2JED.EXE    31/03/2000  [v4.02 ] 6.3 IR 35

DESIGN RULE CHECK          (19:17:24)

Messages:
                 None.


Summary:
                 Error Count = 0      Warning Count = 0

Completed Successfully  
----------------------------------------------------------------------------
PLD Compiler Software:        PLA2JED.EXE    31/03/2000  [v4.02 ] 6.3 IR 35

<CYPRESSTAG name="Pinout" icon=FILE_RPT_PINOUT>
PINOUT INFORMATION   (19:17:24)
</CYPRESSTAG>
Messages:
  Information: Checking for duplicate NODE logic.
                 None.


                                 C22V10
                 __________________________________________
           i(7) =| 1|                                  |24|* not used       
           i(6) =| 2|                                  |23|= c(1)           
           i(5) =| 3|                                  |22|* not used       
           i(4) =| 4|                                  |21|* not used       
           i(3) =| 5|                                  |20|* not used       
           i(2) =| 6|                                  |19|* not used       
           i(1) =| 7|                                  |18|* not used       
           i(0) =| 8|                                  |17|* not used       
       not used *| 9|                                  |16|* not used       
       not used *|10|                                  |15|= c(0)           
       not used *|11|                                  |14|= c(2)           
       not used *|12|                                  |13|* not used       
                 __________________________________________


Summary:
                 Error Count = 0      Warning Count = 0

Completed Successfully  
----------------------------------------------------------------------------
PLD Compiler Software:        PLA2JED.EXE    31/03/2000  [v4.02 ] 6.3 IR 35

<CYPRESSTAG name="Utilization" icon=FILE_RPT_UTILIZATION>
RESOURCE UTILIZATION (19:17:24)
</CYPRESSTAG>
  Information: Macrocell Utilization.

                     Description        Used     Max
                 ______________________________________
                 | Dedicated Inputs   |    7  |   11  |
                 | Clock/Inputs       |    1  |    1  |
                 | I/O Macrocells     |    3  |   10  |
                 ______________________________________
                                          11  /   22   = 50  %


  Information: Output Logic Product Term Utilization.

                  Node#  Output Signal Name  Used   Max
                 ________________________________________
                 | 14  |  c(2)            |   4  |   8  |
                 | 15  |  c(0)            |   4  |  10  |
                 | 16  |  Unused          |   0  |  12  |
                 | 17  |  Unused          |   0  |  14  |
                 | 18  |  Unused          |   0  |  16  |
                 | 19  |  Unused          |   0  |  16  |
                 | 20  |  Unused          |   0  |  14  |
                 | 21  |  Unused          |   0  |  12  |
                 | 22  |  Unused          |   0  |  10  |
                 | 23  |  c(1)            |   4  |   8  |
                 | 25  |  Unused          |   0  |   1  |
                 ________________________________________
                                             12  / 121   = 9   %


Completed Successfully  
----------------------------------------------------------------------------
PLD Compiler Software:        PLA2JED.EXE    31/03/2000  [v4.02 ] 6.3 IR 35

JEDEC ASSEMBLE             (19:17:24)

Messages:
  Information: Output file 'cod.pin' created.
  Information: Output file 'cod.jed' created.

  Usercode:    
  Checksum:    4FD4



Summary:
                 Error Count = 0      Warning Count = 0

Completed Successfully at 19:17:24
