Copyright (c) 1991-1994 by NeoCAD Inc. All rights reserved.
Copyright (c) 1995 AT&T Corp.   All rights reserved.
Copyright (c) 1995-2001 Lucent Technologies Inc.  All rights reserved.
Copyright (c) 2001 Agere Systems   All rights reserved.
Copyright (c) 2002-2015 Lattice Semiconductor Corporation,  All rights reserved.
Mon May 07 19:24:33 2018


Command Line:  C:\ispLEVER_Classic2_0\lse/bin/nt/synthesis -f contador.synproj 

Synthesis options:
The -a option is ispMACH400ZE.
The -t option is not used.
The -d option is LC4256ZE.
Using default performance grade 6.
                                                          

##########################################################

### Lattice Family : ispMACH400ZE

### Device  : LC4256ZE

### Package : 

##########################################################

                                                          

Optimization goal = Area
Top-level module name = contador.
WARNING - synthesis: Ignoring Frequency option in Area Mode. Setting to default frequency of 1.0 MHz.
WARNING - synthesis: Ignoring SDC constraints in Area Mode!
Target frequency = 1.000000 MHz.
Timing path count = 3
fsm_encoding_style = auto
resolve_mixed_drivers = 0
Use IO Insertion = TRUE
Resource Sharing = TRUE
Propagate Constants = TRUE
Remove Duplicate Registers = TRUE
Output EDIF file name = contador.edi.
WARNING - synthesis: Option -force_gsr will be set to false when option -output_edif/-ngo are set
The -comp option is FALSE.
The -syn option is FALSE.
VHDL library = work
VHDL design file = contador.vhd
-sdc option: SDC file input not used.
-lpf option: Output file option is not used.
Hardtimer checking is enabled (default). The -dt option is not used.
The -r option is OFF. [ Remove LOC Properties is OFF. ]
Technology check ok...

Analyzing Verilog file C:/ispLEVER_Classic2_0/lse/userware/NT/SYNTHESIS_HEADERS/mach.v. VERI-1482
Compile design.
Compile Design Begin
INFO - synthesis: The default VHDL library search path is now "C:/Users/YaKerTaker/Google Drive/4° SEMESTRE/Diseño S Digitales/P4DSD - CPLD". VHDL-1504
Analyzing VHDL file contador.vhd. VHDL-1481
INFO - synthesis: contador.vhd(6): analyzing entity contador. VHDL-1012
INFO - synthesis: contador.vhd(14): analyzing architecture a_contador. VHDL-1010
unit contador is not yet analyzed. VHDL-1485
contador.vhd(6): executing contador(a_contador)

WARNING - synthesis: contador.vhd(12): replacing existing netlist contador(a_contador). VHDL-1205
Top module name (VHDL): contador
Loading NGL library 'C:/ispLEVER_Classic2_0/lse/xo2c00/data/xo2clib.ngl'...
Loading NGL library 'C:/ispLEVER_Classic2_0/lse/or5g00/data/orc5glib.ngl'...
Loading device for application map from file 'xo2c640.nph' in environment: C:/ispLEVER_Classic2_0/lse.
Package Status:                     Final          Version 1.36.
Top-level module name = contador.
######## Converting I/O port Q[9] to output.
######## Converting I/O port Q[8] to output.
######## Converting I/O port Q[7] to output.
######## Converting I/O port Q[6] to output.
######## Converting I/O port Q[5] to output.
######## Converting I/O port Q[4] to output.
######## Converting I/O port Q[3] to output.
######## Converting I/O port Q[2] to output.
######## Converting I/O port Q[1] to output.
######## Converting I/O port Q[0] to output.



Applying 1.000000 MHz constraint to all clocks

WARNING - synthesis: No .lpf file will be written because the -lpf option is not used or is set to zero.
Results of NGD DRC are available in contador_drc.log.

################### Begin Area Report (contador)######################
Number of register bits => 10 of 880 (1 % )
AND2 => 9
DFFR => 10
GND => 1
IBUF => 3
OBUF => 10
VCC => 1
XOR2 => 10
################### End Area Report ##################

################### Begin Clock Report ######################
Clock Nets
Number of Clocks: 1
  Net : CLK_c, loads : 10
Clock Enable Nets
Number of Clock Enables: 0
Top 0 highest fanout Clock Enables:
Highest fanout non-clock nets
Top 10 highest fanout non-clock nets:
  Net : CLR_c, loads : 10
  Net : Q_c_8, loads : 3
  Net : Q_c_7, loads : 3
  Net : Q_c_6, loads : 3
  Net : Q_c_5, loads : 3
  Net : Q_c_4, loads : 3
  Net : Q_c_3, loads : 3
  Net : Q_c_2, loads : 3
  Net : Q_c_1, loads : 3
  Net : Q_c_0, loads : 3
################### End Clock Report ##################

Timing Report Summary
--------------
--------------------------------------------------------------------------------
Constraint                              |   Constraint|       Actual|Levels
--------------------------------------------------------------------------------
                                        |             |             |
create_clock -period 1000.000000 -name  |             |             |
clk0 [get_nets CLK_c]                   |            -|            -|     0  
                                        |             |             |
--------------------------------------------------------------------------------


All constraints were met.


Peak Memory Usage: 39.656  MB

--------------------------------------------------------------
Elapsed CPU time for LSE flow : 0.625  secs
--------------------------------------------------------------
